<?xml version="1.0" encoding="UTF-8"?>
<testng-results skipped="0" failed="0" ignored="0" total="1" passed="1">
  <reporter-output>
  </reporter-output>
  <suite name="Default suite" duration-ms="3006" started-at="2018-12-05T00:47:59Z" finished-at="2018-12-05T00:48:02Z">
    <groups>
    </groups>
    <test name="Default test" duration-ms="3006" started-at="2018-12-05T00:47:59Z" finished-at="2018-12-05T00:48:02Z">
      <class name="com.Maven.BaseClass">
        <test-method status="PASS" signature="setup()[pri:0, instance:com.Maven.BaseClass@262b2c86]" name="setup" duration-ms="2972" started-at="2018-12-05T00:47:59Z" finished-at="2018-12-05T00:48:02Z">
          <reporter-output>
          </reporter-output>
        </test-method> <!-- setup -->
      </class> <!-- com.Maven.BaseClass -->
    </test> <!-- Default test -->
  </suite> <!-- Default suite -->
</testng-results>
